2023-12-26 21:55:27.266 INFO  --- [  restartedMain] org.example.Application                  : Starting Application using Java 17.0.9 with PID 67428 (/Users/heeronchang/heeron/Javaaa/aggregation/api/target/classes started by heeronchang in /Users/heeronchang/heeron/Javaaa/aggregation)
2023-12-26 21:55:27.268 DEBUG --- [  restartedMain] org.example.Application                  : Running with Spring Boot v3.2.0, Spring v6.1.1
2023-12-26 21:55:27.270 INFO  --- [  restartedMain] org.example.Application                  : No active profile set, falling back to 1 default profile: "default"
2023-12-26 21:55:31.726 DEBUG --- [  restartedMain] org.example.idworker.IdWorker            : worker starting. timestamp left shift 21, worker id 0
2023-12-26 21:58:39.726 INFO  --- [  restartedMain] org.example.Application                  : Starting Application using Java 17.0.9 with PID 67605 (/Users/heeronchang/heeron/Javaaa/aggregation/api/target/classes started by heeronchang in /Users/heeronchang/heeron/Javaaa/aggregation)
2023-12-26 21:58:39.730 DEBUG --- [  restartedMain] org.example.Application                  : Running with Spring Boot v3.2.0, Spring v6.1.1
2023-12-26 21:58:39.731 INFO  --- [  restartedMain] org.example.Application                  : No active profile set, falling back to 1 default profile: "default"
2023-12-26 21:58:43.901 DEBUG --- [  restartedMain] org.example.idworker.IdWorker            : worker starting. timestamp left shift 21, worker id 0
2023-12-26 21:58:45.486 INFO  --- [  restartedMain] org.example.Application                  : Started Application in 6.89 seconds (process running for 9.6)
2023-12-26 22:00:09.226 INFO  --- [  restartedMain] org.example.Application                  : Starting Application using Java 17.0.9 with PID 67985 (/Users/heeronchang/heeron/Javaaa/aggregation/api/target/classes started by heeronchang in /Users/heeronchang/heeron/Javaaa/aggregation)
2023-12-26 22:00:09.230 INFO  --- [  restartedMain] org.example.Application                  : No active profile set, falling back to 1 default profile: "default"
2023-12-26 22:00:13.299 INFO  --- [  restartedMain] org.example.Application                  : Started Application in 4.715 seconds (process running for 7.17)
2023-12-26 22:00:26.873 DEBUG --- [nio-9000-exec-1] o.e.m.UsersMapper.selectOneByExample     : ==>  Preparing: SELECT id,username,password,nickname,realname,face,mobile,email,sex,birthday,created_time,updated_time FROM users WHERE ( ( username = ? ) )
2023-12-26 22:00:26.897 DEBUG --- [nio-9000-exec-1] o.e.m.UsersMapper.selectOneByExample     : ==> Parameters: heeron(String)
2023-12-26 22:00:26.980 DEBUG --- [nio-9000-exec-1] o.e.m.UsersMapper.selectOneByExample     : <==      Total: 0
2023-12-26 22:00:27.003 DEBUG --- [nio-9000-exec-1] org.example.mapper.UsersMapper.insert    : ==>  Preparing: INSERT INTO users ( id,username,password,nickname,realname,face,mobile,email,sex,birthday,created_time,updated_time ) VALUES( ?,?,?,?,?,?,?,?,?,?,?,? )
2023-12-26 22:00:27.009 DEBUG --- [nio-9000-exec-1] org.example.mapper.UsersMapper.insert    : ==> Parameters: 231226GNRY4XT0X4(String), heeron(String), null, heeron(String), null, https://avatar.com/theone(String), null, null, 1(Integer), 1991-01-01 00:00:00.0(Timestamp), 2023-12-26 22:00:26.998(Timestamp), 2023-12-26 22:00:26.998(Timestamp)
2023-12-26 22:01:42.583 DEBUG --- [nio-9000-exec-2] o.e.m.UsersMapper.selectOneByExample     : ==>  Preparing: SELECT id,username,password,nickname,realname,face,mobile,email,sex,birthday,created_time,updated_time FROM users WHERE ( ( username = ? ) )
2023-12-26 22:01:42.596 DEBUG --- [nio-9000-exec-2] o.e.m.UsersMapper.selectOneByExample     : ==> Parameters: heeron(String)
2023-12-26 22:01:42.613 DEBUG --- [nio-9000-exec-2] o.e.m.UsersMapper.selectOneByExample     : <==      Total: 0
2023-12-26 22:02:12.821 DEBUG --- [nio-9000-exec-2] org.example.mapper.UsersMapper.insert    : ==>  Preparing: INSERT INTO users ( id,username,password,nickname,realname,face,mobile,email,sex,birthday,created_time,updated_time ) VALUES( ?,?,?,?,?,?,?,?,?,?,?,? )
2023-12-26 22:02:12.832 DEBUG --- [nio-9000-exec-2] org.example.mapper.UsersMapper.insert    : ==> Parameters: 231226GP5N83M1S8(String), heeron(String), null, heeron(String), null, https://avatar.com/theone(String), null, null, 1(Integer), 1991-01-01 00:00:00.0(Timestamp), 2023-12-26 22:01:42.618(Timestamp), 2023-12-26 22:01:42.618(Timestamp)
2023-12-26 22:04:36.859 INFO  --- [  restartedMain] org.example.Application                  : Starting Application using Java 17.0.9 with PID 68231 (/Users/heeronchang/heeron/Javaaa/aggregation/api/target/classes started by heeronchang in /Users/heeronchang/heeron/Javaaa/aggregation)
2023-12-26 22:04:36.863 INFO  --- [  restartedMain] org.example.Application                  : No active profile set, falling back to 1 default profile: "default"
2023-12-26 22:04:40.961 INFO  --- [  restartedMain] org.example.Application                  : Started Application in 4.811 seconds (process running for 6.869)
2023-12-26 22:05:18.381 DEBUG --- [nio-9000-exec-1] o.e.m.UsersMapper.selectOneByExample     : ==>  Preparing: SELECT id,username,password,nickname,realname,face,mobile,email,sex,birthday,created_time,updated_time FROM users WHERE ( ( username = ? ) )
2023-12-26 22:05:18.410 DEBUG --- [nio-9000-exec-1] o.e.m.UsersMapper.selectOneByExample     : ==> Parameters: heeron(String)
2023-12-26 22:05:18.442 DEBUG --- [nio-9000-exec-1] o.e.m.UsersMapper.selectOneByExample     : <==      Total: 0
2023-12-26 22:05:29.527 DEBUG --- [nio-9000-exec-1] org.example.mapper.UsersMapper.insert    : ==>  Preparing: INSERT INTO users ( id,username,password,nickname,realname,face,mobile,email,sex,birthday,created_time,updated_time ) VALUES( ?,?,?,?,?,?,?,?,?,?,?,? )
2023-12-26 22:05:29.532 DEBUG --- [nio-9000-exec-1] org.example.mapper.UsersMapper.insert    : ==> Parameters: 231226GRB6HZ744H(String), heeron(String), 4QrcOUm6Wau+VuBX8g+IPg==(String), heeron(String), null, https://avatar.com/theone(String), null, null, 1(Integer), 1991-01-01 00:00:00.0(Timestamp), 2023-12-26 22:05:18.464(Timestamp), 2023-12-26 22:05:18.464(Timestamp)
2023-12-26 22:05:29.607 DEBUG --- [nio-9000-exec-1] org.example.mapper.UsersMapper.insert    : <==    Updates: 1
2023-12-26 22:08:46.651 INFO  --- [  restartedMain] org.example.Application                  : Starting Application using Java 17.0.9 with PID 68231 (/Users/heeronchang/heeron/Javaaa/aggregation/api/target/classes started by heeronchang in /Users/heeronchang/heeron/Javaaa/aggregation)
2023-12-26 22:08:46.652 INFO  --- [  restartedMain] org.example.Application                  : No active profile set, falling back to 1 default profile: "default"
2023-12-26 22:08:48.808 INFO  --- [  restartedMain] org.example.Application                  : Started Application in 2.237 seconds (process running for 254.719)
2023-12-26 22:09:26.015 INFO  --- [  restartedMain] org.example.Application                  : Starting Application using Java 17.0.9 with PID 68231 (/Users/heeronchang/heeron/Javaaa/aggregation/api/target/classes started by heeronchang in /Users/heeronchang/heeron/Javaaa/aggregation)
2023-12-26 22:09:26.047 INFO  --- [  restartedMain] org.example.Application                  : No active profile set, falling back to 1 default profile: "default"
2023-12-26 22:09:29.690 INFO  --- [  restartedMain] org.example.Application                  : Started Application in 5.031 seconds (process running for 295.601)
2023-12-26 22:09:42.223 INFO  --- [  restartedMain] org.example.Application                  : Starting Application using Java 17.0.9 with PID 68231 (/Users/heeronchang/heeron/Javaaa/aggregation/api/target/classes started by heeronchang in /Users/heeronchang/heeron/Javaaa/aggregation)
2023-12-26 22:09:42.223 INFO  --- [  restartedMain] org.example.Application                  : No active profile set, falling back to 1 default profile: "default"
2023-12-26 22:09:43.447 INFO  --- [  restartedMain] org.example.Application                  : Started Application in 1.273 seconds (process running for 309.358)
2023-12-26 22:10:34.667 INFO  --- [  restartedMain] org.example.Application                  : Starting Application using Java 17.0.9 with PID 68231 (/Users/heeronchang/heeron/Javaaa/aggregation/api/target/classes started by heeronchang in /Users/heeronchang/heeron/Javaaa/aggregation)
2023-12-26 22:10:34.669 INFO  --- [  restartedMain] org.example.Application                  : No active profile set, falling back to 1 default profile: "default"
2023-12-26 22:10:35.750 INFO  --- [  restartedMain] org.example.Application                  : Started Application in 1.137 seconds (process running for 361.661)
2023-12-26 22:11:32.024 INFO  --- [  restartedMain] org.example.Application                  : Starting Application using Java 17.0.9 with PID 68231 (/Users/heeronchang/heeron/Javaaa/aggregation/api/target/classes started by heeronchang in /Users/heeronchang/heeron/Javaaa/aggregation)
2023-12-26 22:11:32.025 INFO  --- [  restartedMain] org.example.Application                  : No active profile set, falling back to 1 default profile: "default"
2023-12-26 22:11:33.216 INFO  --- [  restartedMain] org.example.Application                  : Started Application in 1.246 seconds (process running for 419.128)
2023-12-26 22:22:34.400 INFO  --- [  restartedMain] org.example.Application                  : Starting Application using Java 17.0.9 with PID 69366 (/Users/heeronchang/heeron/Javaaa/aggregation/api/target/classes started by heeronchang in /Users/heeronchang/heeron/Javaaa/aggregation)
2023-12-26 22:22:34.403 INFO  --- [  restartedMain] org.example.Application                  : No active profile set, falling back to 1 default profile: "default"
2023-12-26 22:23:38.721 INFO  --- [  restartedMain] org.example.Application                  : Starting Application using Java 17.0.9 with PID 69427 (/Users/heeronchang/heeron/Javaaa/aggregation/api/target/classes started by heeronchang in /Users/heeronchang/heeron/Javaaa/aggregation)
2023-12-26 22:23:38.725 INFO  --- [  restartedMain] org.example.Application                  : No active profile set, falling back to 1 default profile: "default"
2023-12-26 22:31:00.373 INFO  --- [  restartedMain] org.example.Application                  : Starting Application using Java 17.0.9 with PID 69844 (/Users/heeronchang/heeron/Javaaa/aggregation/api/target/classes started by heeronchang in /Users/heeronchang/heeron/Javaaa/aggregation)
2023-12-26 22:31:00.381 INFO  --- [  restartedMain] org.example.Application                  : No active profile set, falling back to 1 default profile: "default"
2023-12-26 22:31:31.033 INFO  --- [  restartedMain] org.example.Application                  : Started Application in 31.663 seconds (process running for 33.601)
2023-12-26 22:32:28.286 INFO  --- [  restartedMain] org.example.Application                  : Starting Application using Java 17.0.9 with PID 69844 (/Users/heeronchang/heeron/Javaaa/aggregation/api/target/classes started by heeronchang in /Users/heeronchang/heeron/Javaaa/aggregation)
2023-12-26 22:32:28.287 INFO  --- [  restartedMain] org.example.Application                  : No active profile set, falling back to 1 default profile: "default"
2023-12-26 22:32:39.285 INFO  --- [  restartedMain] org.example.Application                  : Started Application in 11.172 seconds (process running for 101.854)
2023-12-26 22:35:05.154 INFO  --- [  restartedMain] org.example.Application                  : Starting Application using Java 17.0.9 with PID 70103 (/Users/heeronchang/heeron/Javaaa/aggregation/api/target/classes started by heeronchang in /Users/heeronchang/heeron/Javaaa/aggregation)
2023-12-26 22:35:05.160 INFO  --- [  restartedMain] org.example.Application                  : No active profile set, falling back to 1 default profile: "default"
2023-12-26 22:35:08.709 INFO  --- [  restartedMain] org.example.Application                  : Started Application in 4.453 seconds (process running for 6.874)
2023-12-26 22:39:10.659 INFO  --- [  restartedMain] org.example.Application                  : Starting Application using Java 17.0.9 with PID 70354 (/Users/heeronchang/heeron/Javaaa/aggregation/api/target/classes started by heeronchang in /Users/heeronchang/heeron/Javaaa/aggregation)
2023-12-26 22:39:10.664 INFO  --- [  restartedMain] org.example.Application                  : No active profile set, falling back to 1 default profile: "default"
2023-12-26 22:39:14.412 INFO  --- [  restartedMain] org.example.Application                  : Started Application in 4.613 seconds (process running for 6.621)
2023-12-26 22:40:20.693 INFO  --- [  restartedMain] org.example.Application                  : Starting Application using Java 17.0.9 with PID 70443 (/Users/heeronchang/heeron/Javaaa/aggregation/api/target/classes started by heeronchang in /Users/heeronchang/heeron/Javaaa/aggregation)
2023-12-26 22:40:20.696 INFO  --- [  restartedMain] org.example.Application                  : No active profile set, falling back to 1 default profile: "default"
2023-12-26 22:46:01.248 INFO  --- [  restartedMain] org.example.Application                  : Starting Application using Java 17.0.9 with PID 70792 (/Users/heeronchang/heeron/Javaaa/aggregation/api/target/classes started by heeronchang in /Users/heeronchang/heeron/Javaaa/aggregation)
2023-12-26 22:46:01.396 INFO  --- [  restartedMain] org.example.Application                  : No active profile set, falling back to 1 default profile: "default"
